<?xml version="1.0" encoding="UTF-8"?>
<testng-results skipped="0" failed="0" ignored="0" total="1" passed="1">
  <reporter-output>
  </reporter-output>
  <suite name="Default suite" duration-ms="1463" started-at="2021-08-21T05:24:33Z" finished-at="2021-08-21T05:24:35Z">
    <groups>
    </groups>
    <test name="Default test" duration-ms="1463" started-at="2021-08-21T05:24:33Z" finished-at="2021-08-21T05:24:35Z">
      <class name="tests.Simple">
        <test-method status="PASS" signature="simpleAPI()[pri:0, instance:tests.Simple@2b98378d]" name="simpleAPI" duration-ms="1401" started-at="2021-08-21T05:24:34Z" finished-at="2021-08-21T05:24:35Z">
          <reporter-output>
          </reporter-output>
        </test-method> <!-- simpleAPI -->
      </class> <!-- tests.Simple -->
    </test> <!-- Default test -->
  </suite> <!-- Default suite -->
</testng-results>
